This is pdfTeX, Version 3.1415926-2.5-1.40.14 (TeX Live 2013) (format=pdflatex 2013.5.30)  24 JAN 2014 17:49
entering extended mode
 restricted \write18 enabled.
 file:line:error style messages enabled.
 %&-line parsing enabled.
**thesis.tex
(./thesis.tex
LaTeX2e <2011/06/27>
Babel <3.9f> and hyphenation patterns for 78 languages loaded.
(/usr/local/texlive/2013/texmf-dist/tex/latex/base/report.cls
Document Class: report 2007/10/19 v1.4h Standard LaTeX document class
(/usr/local/texlive/2013/texmf-dist/tex/latex/base/size12.clo
File: size12.clo 2007/10/19 v1.4h Standard LaTeX file (size option)
)
\c@part=\count79
\c@chapter=\count80
\c@section=\count81
\c@subsection=\count82
\c@subsubsection=\count83
\c@paragraph=\count84
\c@subparagraph=\count85
\c@figure=\count86
\c@table=\count87
\abovecaptionskip=\skip41
\belowcaptionskip=\skip42
\bibindent=\dimen102
)
(/usr/local/texlive/2013/texmf-dist/tex/latex/amsmath/amsmath.sty
Package: amsmath 2013/01/14 v2.14 AMS math features
\@mathmargin=\skip43

For additional information on amsmath, use the `?' option.
(/usr/local/texlive/2013/texmf-dist/tex/latex/amsmath/amstext.sty
Package: amstext 2000/06/29 v2.01

(/usr/local/texlive/2013/texmf-dist/tex/latex/amsmath/amsgen.sty
File: amsgen.sty 1999/11/30 v2.0
\@emptytoks=\toks14
\ex@=\dimen103
))
(/usr/local/texlive/2013/texmf-dist/tex/latex/amsmath/amsbsy.sty
Package: amsbsy 1999/11/29 v1.2d
\pmbraise@=\dimen104
)
(/usr/local/texlive/2013/texmf-dist/tex/latex/amsmath/amsopn.sty
Package: amsopn 1999/12/14 v2.01 operator names
)
\inf@bad=\count88
LaTeX Info: Redefining \frac on input line 210.
\uproot@=\count89
\leftroot@=\count90
LaTeX Info: Redefining \overline on input line 306.
\classnum@=\count91
\DOTSCASE@=\count92
LaTeX Info: Redefining \ldots on input line 378.
LaTeX Info: Redefining \dots on input line 381.
LaTeX Info: Redefining \cdots on input line 466.
\Mathstrutbox@=\box26
\strutbox@=\box27
\big@size=\dimen105
LaTeX Font Info:    Redeclaring font encoding OML on input line 566.
LaTeX Font Info:    Redeclaring font encoding OMS on input line 567.
\macc@depth=\count93
\c@MaxMatrixCols=\count94
\dotsspace@=\muskip10
\c@parentequation=\count95
\dspbrk@lvl=\count96
\tag@help=\toks15
\row@=\count97
\column@=\count98
\maxfields@=\count99
\andhelp@=\toks16
\eqnshift@=\dimen106
\alignsep@=\dimen107
\tagshift@=\dimen108
\tagwidth@=\dimen109
\totwidth@=\dimen110
\lineht@=\dimen111
\@envbody=\toks17
\multlinegap=\skip44
\multlinetaggap=\skip45
\mathdisplay@stack=\toks18
LaTeX Info: Redefining \[ on input line 2665.
LaTeX Info: Redefining \] on input line 2666.
)
(/usr/local/texlive/2013/texmf-dist/tex/latex/amsfonts/amsfonts.sty
Package: amsfonts 2013/01/14 v3.01 Basic AMSFonts support
\symAMSa=\mathgroup4
\symAMSb=\mathgroup5
LaTeX Font Info:    Overwriting math alphabet `\mathfrak' in version `bold'
(Font)                  U/euf/m/n --> U/euf/b/n on input line 106.
)
(/usr/local/texlive/2013/texmf-dist/tex/latex/amsfonts/amssymb.sty
Package: amssymb 2013/01/14 v3.01 AMS font symbols
)
(./apalike.sty
\bibhang=\skip46
) (./fancyheadings.sty
\headrulewidth=\dimen112
\footrulewidth=\dimen113
\plainheadrulewidth=\dimen114
\plainfootrulewidth=\dimen115
\headwidth=\dimen116
\footruleskip=\dimen117
) (./fancybox.sty
Package: fancybox 2000/09/19 1.3

Style option: `fancybox' v1.3 <2000/09/19> (tvz)
\@fancybox=\box28
\shadowsize=\dimen118
\@Sbox=\box29
\do@VerbBox=\toks19
\the@fancyput=\toks20
\this@fancyput=\toks21
\EndVerbatimTokens=\toks22
\Verbatim@Outfile=\write3
\Verbatim@Infile=\read1
) (/usr/local/texlive/2013/texmf-dist/tex/latex/base/ifthen.sty
Package: ifthen 2001/05/26 v1.1c Standard LaTeX ifthen package (DPC)
)
(./bu_ece_thesis.sty
(/usr/local/texlive/2013/texmf-dist/tex/latex/setspace/setspace.sty
Package: setspace 2011/12/19 v6.7a set line spacing
)
\degree=\count100
\@approvalreader=\box30
)
(/usr/local/texlive/2013/texmf-dist/tex/latex/url/url.sty
\Urlmuskip=\muskip11
Package: url 2006/04/12  ver 3.3  Verb mode for urls, etc.
)
(/usr/local/texlive/2013/texmf-dist/tex/latex/graphics/lscape.sty
Package: lscape 2000/10/22 v3.01 Landscape Pages (DPC)

(/usr/local/texlive/2013/texmf-dist/tex/latex/graphics/graphics.sty
Package: graphics 2009/02/05 v1.0o Standard LaTeX Graphics (DPC,SPQR)

(/usr/local/texlive/2013/texmf-dist/tex/latex/graphics/trig.sty
Package: trig 1999/03/16 v1.09 sin cos tan (DPC)
)
(/usr/local/texlive/2013/texmf-dist/tex/latex/latexconfig/graphics.cfg
File: graphics.cfg 2010/04/23 v1.9 graphics configuration of TeX Live
)
Package graphics Info: Driver file: pdftex.def on input line 91.

(/usr/local/texlive/2013/texmf-dist/tex/latex/pdftex-def/pdftex.def
File: pdftex.def 2011/05/27 v0.06d Graphics/color for pdfTeX

(/usr/local/texlive/2013/texmf-dist/tex/generic/oberdiek/infwarerr.sty
Package: infwarerr 2010/04/08 v1.3 Providing info/warning/error messages (HO)
)
(/usr/local/texlive/2013/texmf-dist/tex/generic/oberdiek/ltxcmds.sty
Package: ltxcmds 2011/11/09 v1.22 LaTeX kernel commands for general use (HO)
)
\Gread@gobject=\count101
)))
(/usr/local/texlive/2013/texmf-dist/tex/latex/tools/afterpage.sty
Package: afterpage 1995/10/27 v1.08 After-Page Package (DPC)
\AP@output=\toks23
\AP@partial=\box31
\AP@footins=\box32
)
(/usr/local/texlive/2013/texmf-dist/tex/latex/tools/xspace.sty
Package: xspace 2009/10/20 v1.13 Space after command names (DPC,MH)
)
(/usr/local/texlive/2013/texmf-dist/tex/latex/base/textcomp.sty
Package: textcomp 2005/09/27 v1.99g Standard LaTeX package
Package textcomp Info: Sub-encoding information:
(textcomp)               5 = only ISO-Adobe without \textcurrency
(textcomp)               4 = 5 + \texteuro
(textcomp)               3 = 4 + \textohm
(textcomp)               2 = 3 + \textestimated + \textcurrency
(textcomp)               1 = TS1 - \textcircled - \t
(textcomp)               0 = TS1 (full)
(textcomp)             Font families with sub-encoding setting implement
(textcomp)             only a restricted character set as indicated.
(textcomp)             Family '?' is the default used for unknown fonts.
(textcomp)             See the documentation for details.
Package textcomp Info: Setting ? sub-encoding to TS1/1 on input line 71.

(/usr/local/texlive/2013/texmf-dist/tex/latex/base/ts1enc.def
File: ts1enc.def 2001/06/05 v3.0e (jk/car/fm) Standard LaTeX file
)
LaTeX Info: Redefining \oldstylenums on input line 266.
Package textcomp Info: Setting cmr sub-encoding to TS1/0 on input line 281.
Package textcomp Info: Setting cmss sub-encoding to TS1/0 on input line 282.
Package textcomp Info: Setting cmtt sub-encoding to TS1/0 on input line 283.
Package textcomp Info: Setting cmvtt sub-encoding to TS1/0 on input line 284.
Package textcomp Info: Setting cmbr sub-encoding to TS1/0 on input line 285.
Package textcomp Info: Setting cmtl sub-encoding to TS1/0 on input line 286.
Package textcomp Info: Setting ccr sub-encoding to TS1/0 on input line 287.
Package textcomp Info: Setting ptm sub-encoding to TS1/4 on input line 288.
Package textcomp Info: Setting pcr sub-encoding to TS1/4 on input line 289.
Package textcomp Info: Setting phv sub-encoding to TS1/4 on input line 290.
Package textcomp Info: Setting ppl sub-encoding to TS1/3 on input line 291.
Package textcomp Info: Setting pag sub-encoding to TS1/4 on input line 292.
Package textcomp Info: Setting pbk sub-encoding to TS1/4 on input line 293.
Package textcomp Info: Setting pnc sub-encoding to TS1/4 on input line 294.
Package textcomp Info: Setting pzc sub-encoding to TS1/4 on input line 295.
Package textcomp Info: Setting bch sub-encoding to TS1/4 on input line 296.
Package textcomp Info: Setting put sub-encoding to TS1/5 on input line 297.
Package textcomp Info: Setting uag sub-encoding to TS1/5 on input line 298.
Package textcomp Info: Setting ugq sub-encoding to TS1/5 on input line 299.
Package textcomp Info: Setting ul8 sub-encoding to TS1/4 on input line 300.
Package textcomp Info: Setting ul9 sub-encoding to TS1/4 on input line 301.
Package textcomp Info: Setting augie sub-encoding to TS1/5 on input line 302.
Package textcomp Info: Setting dayrom sub-encoding to TS1/3 on input line 303.
Package textcomp Info: Setting dayroms sub-encoding to TS1/3 on input line 304.

Package textcomp Info: Setting pxr sub-encoding to TS1/0 on input line 305.
Package textcomp Info: Setting pxss sub-encoding to TS1/0 on input line 306.
Package textcomp Info: Setting pxtt sub-encoding to TS1/0 on input line 307.
Package textcomp Info: Setting txr sub-encoding to TS1/0 on input line 308.
Package textcomp Info: Setting txss sub-encoding to TS1/0 on input line 309.
Package textcomp Info: Setting txtt sub-encoding to TS1/0 on input line 310.
Package textcomp Info: Setting lmr sub-encoding to TS1/0 on input line 311.
Package textcomp Info: Setting lmdh sub-encoding to TS1/0 on input line 312.
Package textcomp Info: Setting lmss sub-encoding to TS1/0 on input line 313.
Package textcomp Info: Setting lmssq sub-encoding to TS1/0 on input line 314.
Package textcomp Info: Setting lmvtt sub-encoding to TS1/0 on input line 315.
Package textcomp Info: Setting qhv sub-encoding to TS1/0 on input line 316.
Package textcomp Info: Setting qag sub-encoding to TS1/0 on input line 317.
Package textcomp Info: Setting qbk sub-encoding to TS1/0 on input line 318.
Package textcomp Info: Setting qcr sub-encoding to TS1/0 on input line 319.
Package textcomp Info: Setting qcs sub-encoding to TS1/0 on input line 320.
Package textcomp Info: Setting qpl sub-encoding to TS1/0 on input line 321.
Package textcomp Info: Setting qtm sub-encoding to TS1/0 on input line 322.
Package textcomp Info: Setting qzc sub-encoding to TS1/0 on input line 323.
Package textcomp Info: Setting qhvc sub-encoding to TS1/0 on input line 324.
Package textcomp Info: Setting futs sub-encoding to TS1/4 on input line 325.
Package textcomp Info: Setting futx sub-encoding to TS1/4 on input line 326.
Package textcomp Info: Setting futj sub-encoding to TS1/4 on input line 327.
Package textcomp Info: Setting hlh sub-encoding to TS1/3 on input line 328.
Package textcomp Info: Setting hls sub-encoding to TS1/3 on input line 329.
Package textcomp Info: Setting hlst sub-encoding to TS1/3 on input line 330.
Package textcomp Info: Setting hlct sub-encoding to TS1/5 on input line 331.
Package textcomp Info: Setting hlx sub-encoding to TS1/5 on input line 332.
Package textcomp Info: Setting hlce sub-encoding to TS1/5 on input line 333.
Package textcomp Info: Setting hlcn sub-encoding to TS1/5 on input line 334.
Package textcomp Info: Setting hlcw sub-encoding to TS1/5 on input line 335.
Package textcomp Info: Setting hlcf sub-encoding to TS1/5 on input line 336.
Package textcomp Info: Setting pplx sub-encoding to TS1/3 on input line 337.
Package textcomp Info: Setting pplj sub-encoding to TS1/3 on input line 338.
Package textcomp Info: Setting ptmx sub-encoding to TS1/4 on input line 339.
Package textcomp Info: Setting ptmj sub-encoding to TS1/4 on input line 340.
)
(/usr/local/texlive/2013/texmf-dist/tex/latex/mh/mathtools.sty
Package: mathtools 2013/02/12 v1.13 mathematical typesetting tools

(/usr/local/texlive/2013/texmf-dist/tex/latex/graphics/keyval.sty
Package: keyval 1999/03/16 v1.13 key=value parser (DPC)
\KV@toks@=\toks24
)
(/usr/local/texlive/2013/texmf-dist/tex/latex/tools/calc.sty
Package: calc 2007/08/22 v4.3 Infix arithmetic (KKT,FJ)
\calc@Acount=\count102
\calc@Bcount=\count103
\calc@Adimen=\dimen119
\calc@Bdimen=\dimen120
\calc@Askip=\skip47
\calc@Bskip=\skip48
LaTeX Info: Redefining \setlength on input line 76.
LaTeX Info: Redefining \addtolength on input line 77.
\calc@Ccount=\count104
\calc@Cskip=\skip49
)
(/usr/local/texlive/2013/texmf-dist/tex/latex/mh/mhsetup.sty
Package: mhsetup 2010/01/21 v1.2a programming setup (MH)
)
LaTeX Info: Thecontrolsequence`\['isalreadyrobust on input line 129.
LaTeX Info: Thecontrolsequence`\]'isalreadyrobust on input line 129.
\g_MT_multlinerow_int=\count105
\l_MT_multwidth_dim=\dimen121
\origjot=\skip50
\l_MT_shortvdotswithinadjustabove_dim=\dimen122
\l_MT_shortvdotswithinadjustbelow_dim=\dimen123
\l_MT_above_intertext_sep=\dimen124
\l_MT_below_intertext_sep=\dimen125
\l_MT_above_shortintertext_sep=\dimen126
\l_MT_below_shortintertext_sep=\dimen127
)
(/usr/local/texlive/2013/texmf-dist/tex/latex/tools/verbatim.sty
Package: verbatim 2003/08/22 v1.5q LaTeX2e package for verbatim enhancements
\every@verbatim=\toks25
\verbatim@line=\toks26
\verbatim@in@stream=\read2
)
(/usr/local/texlive/2013/texmf-dist/tex/latex/algorithms/algorithm.sty
Package: algorithm 2009/08/24 v0.1 Document Style `algorithm' - floating enviro
nment

(/usr/local/texlive/2013/texmf-dist/tex/latex/float/float.sty
Package: float 2001/11/08 v1.3d Float enhancements (AL)
\c@float@type=\count106
\float@exts=\toks27
\float@box=\box33
\@float@everytoks=\toks28
\@floatcapt=\box34
)
\@float@every@algorithm=\toks29
\c@algorithm=\count107
)
(/usr/local/texlive/2013/texmf-dist/tex/latex/algorithmicx/algorithmicx.sty
Package: algorithmicx 2005/04/27 v1.2 Algorithmicx

Document Style algorithmicx 1.2 - a greatly improved `algorithmic' style
\c@ALG@line=\count108
\c@ALG@rem=\count109
\c@ALG@nested=\count110
\ALG@tlm=\skip51
\ALG@thistlm=\skip52
\c@ALG@Lnr=\count111
\c@ALG@blocknr=\count112
\c@ALG@storecount=\count113
\c@ALG@tmpcounter=\count114
\ALG@tmplength=\skip53
) (/usr/local/texlive/2013/texmf-dist/tex/latex/algorithmicx/algpseudocode.sty
Package: algpseudocode 

Document Style - pseudocode environments for use with the `algorithmicx' style
) (/usr/local/texlive/2013/texmf-dist/tex/latex/graphics/color.sty
Package: color 2005/11/14 v1.0j Standard LaTeX Color (DPC)

(/usr/local/texlive/2013/texmf-dist/tex/latex/latexconfig/color.cfg
File: color.cfg 2007/01/18 v1.5 color configuration of teTeX/TeXLive
)
Package color Info: Driver file: pdftex.def on input line 130.
)
(/usr/local/texlive/2013/texmf-dist/tex/latex/colortbl/colortbl.sty
Package: colortbl 2012/02/13 v1.0a Color table columns (DPC)

(/usr/local/texlive/2013/texmf-dist/tex/latex/tools/array.sty
Package: array 2008/09/09 v2.4c Tabular extension package (FMi)
\col@sep=\dimen128
\extrarowheight=\dimen129
\NC@list=\toks30
\extratabsurround=\skip54
\backup@length=\skip55
)
\everycr=\toks31
\minrowclearance=\skip56
)
(/usr/local/texlive/2013/texmf-dist/tex/latex/subfig/subfig.sty
Package: subfig 2005/06/28 ver: 1.3 subfig package

(/usr/local/texlive/2013/texmf-dist/tex/latex/caption/caption.sty
Package: caption 2013/05/02 v3.3-89 Customizing captions (AR)

(/usr/local/texlive/2013/texmf-dist/tex/latex/caption/caption3.sty
Package: caption3 2013/05/02 v1.6-88 caption3 kernel (AR)
Package caption3 Info: TeX engine: e-TeX on input line 57.
\captionmargin=\dimen130
\captionmargin@=\dimen131
\captionwidth=\dimen132
\caption@tempdima=\dimen133
\caption@indent=\dimen134
\caption@parindent=\dimen135
\caption@hangindent=\dimen136
)
\c@ContinuedFloat=\count115
Package caption Info: float package is loaded.
)
\c@KVtest=\count116
\sf@farskip=\skip57
\sf@captopadj=\dimen137
\sf@capskip=\skip58
\sf@nearskip=\skip59
\c@subfigure=\count117
\c@subfigure@save=\count118
\c@lofdepth=\count119
\c@subtable=\count120
\c@subtable@save=\count121
\c@lotdepth=\count122
\sf@top=\skip60
\sf@bottom=\skip61
)
(/usr/local/texlive/2013/texmf-dist/tex/latex/appendix/appendix.sty
Package: appendix 2009/09/02 v1.2b extra appendix facilities
\c@@pps=\count123
\c@@ppsavesec=\count124
\c@@ppsaveapp=\count125
)
(./undertilde.sty
Package: undertilde 2000/08/08 v1.0 Tilde under a math object
\knuthian@fdfive=\skip62
)
(/usr/local/texlive/2013/texmf-dist/tex/latex/listings/listings.sty
\lst@mode=\count126
\lst@gtempboxa=\box35
\lst@token=\toks32
\lst@length=\count127
\lst@currlwidth=\dimen138
\lst@column=\count128
\lst@pos=\count129
\lst@lostspace=\dimen139
\lst@width=\dimen140
\lst@newlines=\count130
\lst@lineno=\count131
\lst@maxwidth=\dimen141

(/usr/local/texlive/2013/texmf-dist/tex/latex/listings/lstmisc.sty
File: lstmisc.sty 2007/02/22 1.4 (Carsten Heinz)
\c@lstnumber=\count132
\lst@skipnumbers=\count133
\lst@framebox=\box36
)
(/usr/local/texlive/2013/texmf-dist/tex/latex/listings/listings.cfg
File: listings.cfg 2007/02/22 1.4 listings configuration
))
Package: listings 2007/02/22 1.4 (Carsten Heinz)

(/usr/local/texlive/2013/texmf-dist/tex/latex/listings/lstlang1.sty
File: lstlang1.sty 2004/09/05 1.3 listings language file
)
(/usr/local/texlive/2013/texmf-dist/tex/latex/listings/lstlang1.sty
File: lstlang1.sty 2004/09/05 1.3 listings language file
)
(/usr/local/texlive/2013/texmf-dist/tex/latex/listings/lstmisc.sty
File: lstmisc.sty 2007/02/22 1.4 (Carsten Heinz)
)
(/usr/local/texlive/2013/texmf-dist/tex/latex/multirow/multirow.sty
\bigstrutjot=\dimen142
)
(/usr/local/texlive/2013/texmf-dist/tex/latex/graphics/graphicx.sty
Package: graphicx 1999/02/16 v1.0f Enhanced LaTeX Graphics (DPC,SPQR)
\Gin@req@height=\dimen143
\Gin@req@width=\dimen144
)
(./thesis.aux (./Prelim/prelim.aux) (./Introduction/intro.aux)
(./Background/background.aux) (./Numerical_Methods/methods.aux)
(./FMM_Implementation/Implementation.aux) (./Laplace/laplace.aux)
(./Stokes/stokes.aux) (./RBC/rbc.aux) (./Conclusion/conclusion.aux)
(./Appendix/FMM_Plan.aux) (./Prelim/cv.aux))
\openout1 = `thesis.aux'.

LaTeX Font Info:    Checking defaults for OML/cmm/m/it on input line 163.
LaTeX Font Info:    ... okay on input line 163.
LaTeX Font Info:    Checking defaults for T1/cmr/m/n on input line 163.
LaTeX Font Info:    ... okay on input line 163.
LaTeX Font Info:    Checking defaults for OT1/cmr/m/n on input line 163.
LaTeX Font Info:    ... okay on input line 163.
LaTeX Font Info:    Checking defaults for OMS/cmsy/m/n on input line 163.
LaTeX Font Info:    ... okay on input line 163.
LaTeX Font Info:    Checking defaults for OMX/cmex/m/n on input line 163.
LaTeX Font Info:    ... okay on input line 163.
LaTeX Font Info:    Checking defaults for U/cmr/m/n on input line 163.
LaTeX Font Info:    ... okay on input line 163.
LaTeX Font Info:    Checking defaults for TS1/cmr/m/n on input line 163.
LaTeX Font Info:    Try loading font information for TS1+cmr on input line 163.


(/usr/local/texlive/2013/texmf-dist/tex/latex/base/ts1cmr.fd
File: ts1cmr.fd 1999/05/25 v2.5h Standard LaTeX font definitions
)
LaTeX Font Info:    ... okay on input line 163.

(/usr/local/texlive/2013/texmf-dist/tex/context/base/supp-pdf.mkii
[Loading MPS to PDF converter (version 2006.09.02).]
\scratchcounter=\count134
\scratchdimen=\dimen145
\scratchbox=\box37
\nofMPsegments=\count135
\nofMParguments=\count136
\everyMPshowfont=\toks33
\MPscratchCnt=\count137
\MPscratchDim=\dimen146
\MPnumerator=\count138
\makeMPintoPDFobject=\count139
\everyMPtoPDFconversion=\toks34
) (/usr/local/texlive/2013/texmf-dist/tex/generic/oberdiek/pdftexcmds.sty
Package: pdftexcmds 2011/11/29 v0.20 Utility functions of pdfTeX for LuaTeX (HO
)

(/usr/local/texlive/2013/texmf-dist/tex/generic/oberdiek/ifluatex.sty
Package: ifluatex 2010/03/01 v1.3 Provides the ifluatex switch (HO)
Package ifluatex Info: LuaTeX not detected.
)
(/usr/local/texlive/2013/texmf-dist/tex/generic/oberdiek/ifpdf.sty
Package: ifpdf 2011/01/30 v2.3 Provides the ifpdf switch (HO)
Package ifpdf Info: pdfTeX in PDF mode is detected.
)
Package pdftexcmds Info: LuaTeX not detected.
Package pdftexcmds Info: \pdf@primitive is available.
Package pdftexcmds Info: \pdf@ifprimitive is available.
Package pdftexcmds Info: \pdfdraftmode found.
)
(/usr/local/texlive/2013/texmf-dist/tex/latex/oberdiek/epstopdf-base.sty
Package: epstopdf-base 2010/02/09 v2.5 Base part for package epstopdf

(/usr/local/texlive/2013/texmf-dist/tex/latex/oberdiek/grfext.sty
Package: grfext 2010/08/19 v1.1 Manage graphics extensions (HO)

(/usr/local/texlive/2013/texmf-dist/tex/generic/oberdiek/kvdefinekeys.sty
Package: kvdefinekeys 2011/04/07 v1.3 Define keys (HO)
))
(/usr/local/texlive/2013/texmf-dist/tex/latex/oberdiek/kvoptions.sty
Package: kvoptions 2011/06/30 v3.11 Key value format for package options (HO)

(/usr/local/texlive/2013/texmf-dist/tex/generic/oberdiek/kvsetkeys.sty
Package: kvsetkeys 2012/04/25 v1.16 Key value parser (HO)

(/usr/local/texlive/2013/texmf-dist/tex/generic/oberdiek/etexcmds.sty
Package: etexcmds 2011/02/16 v1.5 Avoid name clashes with e-TeX commands (HO)
Package etexcmds Info: Could not find \expanded.
(etexcmds)             That can mean that you are not using pdfTeX 1.50 or
(etexcmds)             that some package has redefined \expanded.
(etexcmds)             In the latter case, load this package earlier.
)))
Package grfext Info: Graphics extension search list:
(grfext)             [.png,.pdf,.jpg,.mps,.jpeg,.jbig2,.jb2,.PNG,.PDF,.JPG,.JPE
G,.JBIG2,.JB2,.eps]
(grfext)             \AppendGraphicsExtensions on input line 452.

(/usr/local/texlive/2013/texmf-dist/tex/latex/latexconfig/epstopdf-sys.cfg
File: epstopdf-sys.cfg 2010/07/13 v1.3 Configuration of (r)epstopdf for TeX Liv
e
))
Package caption Info: Begin \AtBeginDocument code.
Package caption Info: subfig package v1.3 is loaded.
Package caption Info: listings package is loaded.
Package caption Info: End \AtBeginDocument code.
\c@lstlisting=\count140
\openout2 = `Prelim/prelim.aux'.


(./Prelim/prelim.tex
Overfull \vbox (3.75964pt too high) detected at line 55
 []


LaTeX Warning: \oval, \circle, or \line size unavailable on input line 55.

<BUlogo_cmyk-eps-converted-to.pdf, id=1, 317.185pt x 142.5325pt>
File: BUlogo_cmyk-eps-converted-to.pdf Graphic file (type pdf)

<use BUlogo_cmyk-eps-converted-to.pdf>
Package pdftex.def Info: BUlogo_cmyk-eps-converted-to.pdf used on input line 55
.
(pdftex.def)             Requested size: 113.81102pt x 51.14201pt.

Underfull \hbox (badness 10000) in paragraph at lines 55--55

 []

[1


{/usr/local/texlive/2013/texmf-var/fonts/map/pdftex/updmap/pdftex.map} <./BUlog
o_cmyk-eps-converted-to.pdf>] [2

] [1

] [2

] [3

] (./Prelim/quote.tex) [4

]
(./Prelim/ack.tex) [5

] [6] (./Prelim/abs.tex
LaTeX Font Info:    Try loading font information for U+msa on input line 5.

(/usr/local/texlive/2013/texmf-dist/tex/latex/amsfonts/umsa.fd
File: umsa.fd 2013/01/14 v3.01 AMS symbols A
)
LaTeX Font Info:    Try loading font information for U+msb on input line 5.

(/usr/local/texlive/2013/texmf-dist/tex/latex/amsfonts/umsb.fd
File: umsb.fd 2013/01/14 v3.01 AMS symbols B
) [7

]) [8]
(./thesis.toc [9


] [10])
\tf@toc=\write4
\openout4 = `thesis.toc'.

 [11] (./thesis.lof [12


] [13])
\tf@lof=\write5
\openout5 = `thesis.lof'.

 [14]
Overfull \hbox (50.36172pt too wide) in paragraph at lines 119--133
 [] 
 []

[15


] (./thesis.loa)
\tf@loa=\write6
\openout6 = `thesis.loa'.

 [16


])
\openout2 = `Introduction/intro.aux'.

 (./Introduction/intro.tex
Chapter 1.
[1





] [2] [3] [4]) [5]
\openout2 = `Background/background.aux'.

 (./Background/background.tex
Chapter 2.
[6




] [7] [8] [9] [10]
<./Background/img/Quadtree.pdf, id=112, 484.38829pt x 485.13083pt>
File: ./Background/img/Quadtree.pdf Graphic file (type pdf)

<use ./Background/img/Quadtree.pdf>
Package pdftex.def Info: ./Background/img/Quadtree.pdf used on input line 191.
(pdftex.def)             Requested size: 341.43306pt x 341.95805pt.


LaTeX Warning: `h' float specifier changed to `ht'.

[11] <./Background/img/Treecode.pdf, id=117, 434.425pt x 235.38239pt>
File: ./Background/img/Treecode.pdf Graphic file (type pdf)

<use ./Background/img/Treecode.pdf>
Package pdftex.def Info: ./Background/img/Treecode.pdf used on input line 200.
(pdftex.def)             Requested size: 284.52756pt x 154.1676pt.


LaTeX Warning: `h' float specifier changed to `ht'.

[12 <./Background/img/Quadtree.pdf>]
<./Background/img/FMM.pdf, id=123, 596.44731pt x 251.48555pt>
File: ./Background/img/FMM.pdf Graphic file (type pdf)

<use ./Background/img/FMM.pdf>
Package pdftex.def Info: ./Background/img/FMM.pdf used on input line 209.
(pdftex.def)             Requested size: 341.43306pt x 143.96222pt.
 [13 <./Background/img/Treecode.pdf> <./Background/img/FMM.pdf

pdfTeX warning: /usr/texbin/pdflatex (file ./Background/img/FMM.pdf): PDF inclu
sion: multiple pdfs with page group included in a single page
>] [14] [15] [16] [17] [18] [19] [20] [21] [22]) [23]
\openout2 = `Numerical_Methods/methods.aux'.


(./Numerical_Methods/methods.tex
Chapter 3.
[24




]
<Numerical_Methods/img/IntegrationDomain.pdf, id=167, 371.50693pt x 187.75746pt
>
File: Numerical_Methods/img/IntegrationDomain.pdf Graphic file (type pdf)
 <use Numerical_Methods/img/IntegrationDomain.pdf>
Package pdftex.def Info: Numerical_Methods/img/IntegrationDomain.pdf used on in
put line 59.
(pdftex.def)             Requested size: 341.43306pt x 172.55846pt.
 [25 <./Numerical_Methods/img/IntegrationDomain.pdf>] [26] [27]
<Numerical_Methods/img/SemiAnalyticalDecomposition.pdf, id=186, 216.19069pt x 2
38.97481pt>
File: Numerical_Methods/img/SemiAnalyticalDecomposition.pdf Graphic file (type 
pdf)
 <use Numerical_Methods/img/SemiAnalyticalDecomposition.pdf>
Package pdftex.def Info: Numerical_Methods/img/SemiAnalyticalDecomposition.pdf 
used on input line 156.
(pdftex.def)             Requested size: 227.62204pt x 251.61282pt.

<Numerical_Methods/img/SemiAnalyticalIntegral.pdf, id=187, 281.18349pt x 282.03
77pt>
File: Numerical_Methods/img/SemiAnalyticalIntegral.pdf Graphic file (type pdf)
 <use Numerical_Methods/img/SemiAnalyticalIntegral.pdf>
Package pdftex.def Info: Numerical_Methods/img/SemiAnalyticalIntegral.pdf used 
on input line 165.
(pdftex.def)             Requested size: 227.62204pt x 228.32018pt.
 [28 <./Numerical_Methods/img/SemiAnalyticalDecomposition.pdf>] [29 <./Numerica
l_Methods/img/SemiAnalyticalIntegral.pdf>] [30]
<Numerical_Methods/img/FataGeometry.pdf, id=201, 351.80234pt x 291.99289pt>
File: Numerical_Methods/img/FataGeometry.pdf Graphic file (type pdf)

<use Numerical_Methods/img/FataGeometry.pdf>
Package pdftex.def Info: Numerical_Methods/img/FataGeometry.pdf used on input l
ine 221.
(pdftex.def)             Requested size: 284.52756pt x 236.1654pt.
 [31 <./Numerical_Methods/img/FataGeometry.pdf>] [32] [33] [34] [35] [36] [37]

LaTeX Warning: Command \texttwooldstyle invalid in math mode on input line 424.



LaTeX Warning: Command \texttwooldstyle invalid in math mode on input line 424.


) [38]
\openout2 = `FMM_Implementation/Implementation.aux'.

 (./FMM_Implementation/Implementation.tex
Chapter 4.
[39




] [40] [41] [42] [43] [44]
<FMM_Implementation/img/FMMScaling.pdf, id=249, 448.33458pt x 337.42398pt>
File: FMM_Implementation/img/FMMScaling.pdf Graphic file (type pdf)

<use FMM_Implementation/img/FMMScaling.pdf>
Package pdftex.def Info: FMM_Implementation/img/FMMScaling.pdf used on input li
ne 167.
(pdftex.def)             Requested size: 398.33858pt x 299.80698pt.
) [45 <./FMM_Implementation/img/FMMScaling.pdf>] [46]
\openout2 = `Laplace/laplace.aux'.

 (./Laplace/laplace.tex
Chapter 5.
[47




] [48] [49] [50] [51] [52] [53]
<Laplace/img/sphere128.pdf, id=285, 341.275pt x 284.06125pt>
File: Laplace/img/sphere128.pdf Graphic file (type pdf)

<use Laplace/img/sphere128.pdf>
Package pdftex.def Info: Laplace/img/sphere128.pdf used on input line 307.
(pdftex.def)             Requested size: 213.39566pt x 177.62451pt.

<Laplace/img/sphere2048.pdf, id=286, 341.275pt x 284.06125pt>
File: Laplace/img/sphere2048.pdf Graphic file (type pdf)

<use Laplace/img/sphere2048.pdf>
Package pdftex.def Info: Laplace/img/sphere2048.pdf used on input line 308.
(pdftex.def)             Requested size: 213.39566pt x 177.62451pt.

Overfull \hbox (16.67108pt too wide) in paragraph at lines 307--309
[][] [] 
 []


LaTeX Warning: `h' float specifier changed to `ht'.

<Laplace/img/FirstKindConvergence.pdf, id=287, 447.6486pt x 336.02747pt>
File: Laplace/img/FirstKindConvergence.pdf Graphic file (type pdf)

<use Laplace/img/FirstKindConvergence.pdf>
Package pdftex.def Info: Laplace/img/FirstKindConvergence.pdf used on input lin
e 330.
(pdftex.def)             Requested size: 398.33858pt x 299.0276pt.


LaTeX Warning: `h' float specifier changed to `ht'.

<Laplace/img/SecondKindConvergence.pdf, id=288, 447.6486pt x 336.11078pt>
File: Laplace/img/SecondKindConvergence.pdf Graphic file (type pdf)

<use Laplace/img/SecondKindConvergence.pdf>
Package pdftex.def Info: Laplace/img/SecondKindConvergence.pdf used on input li
ne 338.
(pdftex.def)             Requested size: 398.33858pt x 299.10173pt.


LaTeX Warning: `h' float specifier changed to `ht'.

[54] <Laplace/img/resid_p_iteration.pdf, id=292, 464.03581pt x 335.00723pt>
File: Laplace/img/resid_p_iteration.pdf Graphic file (type pdf)

<use Laplace/img/resid_p_iteration.pdf>
Package pdftex.def Info: Laplace/img/resid_p_iteration.pdf used on input line 3
55.
(pdftex.def)             Requested size: 398.33858pt x 287.5792pt.


LaTeX Warning: `h' float specifier changed to `ht'.

[55 <./Laplace/img/sphere128.pdf> <./Laplace/img/sphere2048.pdf>] [56 <./Laplac
e/img/FirstKindConvergence.pdf>] [57 <./Laplace/img/SecondKindConvergence.pdf>]

LaTeX Warning: `h' float specifier changed to `ht'.


LaTeX Warning: `h' float specifier changed to `ht'.

<Laplace/img/relaxation_timing_bar.pdf, id=365, 427.68452pt x 325.29237pt>
File: Laplace/img/relaxation_timing_bar.pdf Graphic file (type pdf)

<use Laplace/img/relaxation_timing_bar.pdf>
Package pdftex.def Info: Laplace/img/relaxation_timing_bar.pdf used on input li
ne 416.
(pdftex.def)             Requested size: 398.33858pt x 302.9903pt.


LaTeX Warning: `h' float specifier changed to `ht'.

[58 <./Laplace/img/resid_p_iteration.pdf>] [59] [60 <./Laplace/img/relaxation_t
iming_bar.pdf>]
<Laplace/img/LaplaceRelaxationP.pdf, id=388, 425.03503pt x 335.00906pt>
File: Laplace/img/LaplaceRelaxationP.pdf Graphic file (type pdf)

<use Laplace/img/LaplaceRelaxationP.pdf>
Package pdftex.def Info: Laplace/img/LaplaceRelaxationP.pdf used on input line 
470.
(pdftex.def)             Requested size: 398.33858pt x 313.96799pt.


LaTeX Warning: `h' float specifier changed to `ht'.

[61] [62 <./Laplace/img/LaplaceRelaxationP.pdf>]
<Laplace/img/LaplaceRelaxationIterations.pdf, id=402, 445.51414pt x 334.99461pt
>
File: Laplace/img/LaplaceRelaxationIterations.pdf Graphic file (type pdf)
 <use Laplace/img/LaplaceRelaxationIterations.pdf>
Package pdftex.def Info: Laplace/img/LaplaceRelaxationIterations.pdf used on in
put line 510.
(pdftex.def)             Requested size: 398.33858pt x 299.52951pt.
 [63 <./Laplace/img/LaplaceRelaxationIterations.pdf>]) [64]
\openout2 = `Stokes/stokes.aux'.

 (./Stokes/stokes.tex
Chapter 6.
[65




] [66] <Stokes/img/StokesVolume.pdf, id=421, 435.55824pt x 382.82924pt>
File: Stokes/img/StokesVolume.pdf Graphic file (type pdf)

<use Stokes/img/StokesVolume.pdf>
Package pdftex.def Info: Stokes/img/StokesVolume.pdf used on input line 82.
(pdftex.def)             Requested size: 341.43306pt x 300.1127pt.
 [67] [68 <./Stokes/img/StokesVolume.pdf>]
[69] [70]
Missing character: There is no ¥ in font cmr12!
 [71]
<Stokes/img/StokesTraction2.pdf, id=440, 225.84375pt x 225.84375pt>
File: Stokes/img/StokesTraction2.pdf Graphic file (type pdf)

<use Stokes/img/StokesTraction2.pdf>
Package pdftex.def Info: Stokes/img/StokesTraction2.pdf used on input line 249.

(pdftex.def)             Requested size: 341.43306pt x 341.47685pt.


LaTeX Warning: `h' float specifier changed to `ht'.

<Stokes/img/StokesConvergence.pdf, id=441, 447.6486pt x 336.02747pt>
File: Stokes/img/StokesConvergence.pdf Graphic file (type pdf)

<use Stokes/img/StokesConvergence.pdf>
Package pdftex.def Info: Stokes/img/StokesConvergence.pdf used on input line 25
9.
(pdftex.def)             Requested size: 398.33858pt x 299.0276pt.


LaTeX Warning: `h' float specifier changed to `ht'.

[72] [73 <./Stokes/img/StokesTraction2.pdf>] [74 <./Stokes/img/StokesConvergenc
e.pdf>]
<Stokes/img/StokesResidualHistoryRelaxed.pdf, id=519, 449.89029pt x 333.06804pt
>
File: Stokes/img/StokesResidualHistoryRelaxed.pdf Graphic file (type pdf)
 <use Stokes/img/StokesResidualHistoryRelaxed.pdf>
Package pdftex.def Info: Stokes/img/StokesResidualHistoryRelaxed.pdf used on in
put line 279.
(pdftex.def)             Requested size: 398.33858pt x 294.91003pt.
 [75 <./Stokes/img/StokesResidualHistoryRelaxed.pdf>]
<Stokes/img/StokesRelaxationBreakdown.pdf, id=530, 493.5181pt x 343.98238pt>
File: Stokes/img/StokesRelaxationBreakdown.pdf Graphic file (type pdf)

<use Stokes/img/StokesRelaxationBreakdown.pdf>
Package pdftex.def Info: Stokes/img/StokesRelaxationBreakdown.pdf used on input
 line 316.
(pdftex.def)             Requested size: 398.33858pt x 277.64793pt.


LaTeX Warning: `h' float specifier changed to `ht'.

[76] <Stokes/img/StokesSpeedup.pdf, id=534, 445.51414pt x 340.77272pt>
File: Stokes/img/StokesSpeedup.pdf Graphic file (type pdf)

<use Stokes/img/StokesSpeedup.pdf>
Package pdftex.def Info: Stokes/img/StokesSpeedup.pdf used on input line 328.
(pdftex.def)             Requested size: 398.33858pt x 304.69589pt.


LaTeX Warning: `h' float specifier changed to `ht'.

[77 <./Stokes/img/StokesRelaxationBreakdown.pdf>]) [78 <./Stokes/img/StokesSpee
dup.pdf>] [79]
\openout2 = `RBC/rbc.aux'.

 (./RBC/rbc.tex
Chapter 7.
[80




] [81] <RBC/img/RBC512.pdf, id=565, 211.79124pt x 139.52126pt>
File: RBC/img/RBC512.pdf Graphic file (type pdf)

<use RBC/img/RBC512.pdf>
Package pdftex.def Info: RBC/img/RBC512.pdf used on input line 53.
(pdftex.def)             Requested size: 213.39566pt x 140.58322pt.

<RBC/img/RBC2048.pdf, id=566, 211.79124pt x 139.52126pt>
File: RBC/img/RBC2048.pdf Graphic file (type pdf)

<use RBC/img/RBC2048.pdf>
Package pdftex.def Info: RBC/img/RBC2048.pdf used on input line 54.
(pdftex.def)             Requested size: 213.39566pt x 140.58322pt.

Overfull \hbox (16.67108pt too wide) in paragraph at lines 53--55
[][] [] 
 []

<RBC/img/RBCTraction2.pdf, id=567, 261.97874pt x 243.91125pt>
File: RBC/img/RBCTraction2.pdf Graphic file (type pdf)

<use RBC/img/RBCTraction2.pdf>
Package pdftex.def Info: RBC/img/RBCTraction2.pdf used on input line 64.
(pdftex.def)             Requested size: 398.33858pt x 370.8792pt.


LaTeX Warning: `h' float specifier changed to `ht'.

[82 <./RBC/img/RBC512.pdf> <./RBC/img/RBC2048.pdf>] [83 <./RBC/img/RBCTraction2
.pdf>] <RBC/img/ExtrapolatedConverged.pdf, id=663, 447.6486pt x 336.02747pt>
File: RBC/img/ExtrapolatedConverged.pdf Graphic file (type pdf)

<use RBC/img/ExtrapolatedConverged.pdf>
Package pdftex.def Info: RBC/img/ExtrapolatedConverged.pdf used on input line 1
07.
(pdftex.def)             Requested size: 355.65944pt x 266.98674pt.
 [84]
<RBC/img/4Cells_arrow.pdf, id=667, 433.62pt x 207.77625pt>
File: RBC/img/4Cells_arrow.pdf Graphic file (type pdf)

<use RBC/img/4Cells_arrow.pdf>
Package pdftex.def Info: RBC/img/4Cells_arrow.pdf used on input line 129.
(pdftex.def)             Requested size: 398.33858pt x 190.88063pt.
 [85 <./RBC/img/ExtrapolatedConverged.pdf>]
[86 <./RBC/img/4Cells_arrow.pdf>]
<RBC/img/StokesSingleCellIterations.pdf, id=709, 440.03697pt x 334.39435pt>
File: RBC/img/StokesSingleCellIterations.pdf Graphic file (type pdf)

<use RBC/img/StokesSingleCellIterations.pdf>
Package pdftex.def Info: RBC/img/StokesSingleCellIterations.pdf used on input l
ine 152.
(pdftex.def)             Requested size: 341.43306pt x 259.46419pt.

<RBC/img/StokesMultipleCellsIterations.pdf, id=710, 440.03697pt x 334.39435pt>
File: RBC/img/StokesMultipleCellsIterations.pdf Graphic file (type pdf)

<use RBC/img/StokesMultipleCellsIterations.pdf>
Package pdftex.def Info: RBC/img/StokesMultipleCellsIterations.pdf used on inpu
t line 164.
(pdftex.def)             Requested size: 327.20668pt x 248.65211pt.
 [87] [88 <./RBC/img/StokesSingleCellIterations.pdf> <./RBC/img/StokesMultipleC
ellsIterations.pdf>] [89]
<RBC/img/StokesMultipleCellsSpeedup.pdf, id=732, 424.92421pt x 334.99461pt>
File: RBC/img/StokesMultipleCellsSpeedup.pdf Graphic file (type pdf)

<use RBC/img/StokesMultipleCellsSpeedup.pdf>
Package pdftex.def Info: RBC/img/StokesMultipleCellsSpeedup.pdf used on input l
ine 329.
(pdftex.def)             Requested size: 398.33858pt x 314.04645pt.


LaTeX Warning: `h' float specifier changed to `ht'.

[90] [91] [92 <./RBC/img/StokesMultipleCellsSpeedup.pdf>] [93] [94] [95])
[96]
\openout2 = `Conclusion/conclusion.aux'.

 (./Conclusion/conclusion.tex
Chapter 8.
[97




] [98] [99] [100]) [101]
\openout2 = `Appendix/FMM_Plan.aux'.

 (./Appendix/FMM_Plan.tex
Appendix A.
[102




]
Overfull \hbox (0.9096pt too wide) in paragraph at lines 55--57
[]\OT1/cmr/m/it/12 Multipole Ex-pan-sion \OT1/cmr/m/n/12 ([][][]) -- Sin-gu-lar
 ex-pan-sion used in both treecode
 []

[103]
Overfull \hbox (7.37915pt too wide) in paragraph at lines 102--103
[][][][][][][][][][][][][][][][][][][][][][][][][][][][] 
 []


LaTeX Warning: `h' float specifier changed to `ht'.


LaTeX Warning: `h' float specifier changed to `ht'.

[104]

LaTeX Warning: `h' float specifier changed to `ht'.

[105] [106]) [107] [108] [109] (./thesis.bbl
Overfull \hbox (2.45486pt too wide) in paragraph at lines 65--69
\OT1/cmr/m/n/12 lin-ear elas-tic-ity.  \OT1/cmr/m/it/12 Jour-nal of Com-pu-ta-t
ional and Ap-plied Math-e-mat-ics\OT1/cmr/m/n/12 , 235(15):4480--
 []

[110



] [111] [112]) [113]
\openout2 = `Prelim/cv.aux'.

 (./Prelim/cv.tex
Missing character: There is no Õ in font cmr12!
 [114


]
Missing character: There is no Õ in font cmr12!
Missing character: There is no Õ in font cmr12!
 [115]
Missing character: There is no ¥ in font cmr12!
) [116] (./thesis.aux
(./Prelim/prelim.aux) (./Introduction/intro.aux) (./Background/background.aux)
(./Numerical_Methods/methods.aux) (./FMM_Implementation/Implementation.aux)
(./Laplace/laplace.aux) (./Stokes/stokes.aux) (./RBC/rbc.aux)
(./Conclusion/conclusion.aux) (./Appendix/FMM_Plan.aux) (./Prelim/cv.aux)) ) 
Here is how much of TeX's memory you used:
 8133 strings out of 493315
 124414 string characters out of 6137904
 262244 words of memory out of 5000000
 11279 multiletter control sequences out of 15000+600000
 17869 words of font info for 66 fonts, out of 8000000 for 9000
 957 hyphenation exceptions out of 8191
 44i,17n,58p,1712b,1478s stack positions out of 5000i,500n,10000p,200000b,80000s
{/u
sr/local/texlive/2013/texmf-dist/fonts/enc/dvips/cm-super/cm-super-ts1.enc}</us
r/local/texlive/2013/texmf-dist/fonts/type1/public/amsfonts/cm/cmbx12.pfb></usr
/local/texlive/2013/texmf-dist/fonts/type1/public/amsfonts/cm/cmbx8.pfb></usr/l
ocal/texlive/2013/texmf-dist/fonts/type1/public/amsfonts/cm/cmcsc10.pfb></usr/l
ocal/texlive/2013/texmf-dist/fonts/type1/public/amsfonts/cm/cmex10.pfb></usr/lo
cal/texlive/2013/texmf-dist/fonts/type1/public/amsfonts/cm/cmmi12.pfb></usr/loc
al/texlive/2013/texmf-dist/fonts/type1/public/amsfonts/cm/cmmi6.pfb></usr/local
/texlive/2013/texmf-dist/fonts/type1/public/amsfonts/cm/cmmi8.pfb></usr/local/t
exlive/2013/texmf-dist/fonts/type1/public/amsfonts/cm/cmr10.pfb></usr/local/tex
live/2013/texmf-dist/fonts/type1/public/amsfonts/cm/cmr12.pfb></usr/local/texli
ve/2013/texmf-dist/fonts/type1/public/amsfonts/cm/cmr6.pfb></usr/local/texlive/
2013/texmf-dist/fonts/type1/public/amsfonts/cm/cmr7.pfb></usr/local/texlive/201
3/texmf-dist/fonts/type1/public/amsfonts/cm/cmr8.pfb></usr/local/texlive/2013/t
exmf-dist/fonts/type1/public/amsfonts/cm/cmss12.pfb></usr/local/texlive/2013/te
xmf-dist/fonts/type1/public/amsfonts/cm/cmssbx10.pfb></usr/local/texlive/2013/t
exmf-dist/fonts/type1/public/amsfonts/cm/cmssi12.pfb></usr/local/texlive/2013/t
exmf-dist/fonts/type1/public/amsfonts/cm/cmsy10.pfb></usr/local/texlive/2013/te
xmf-dist/fonts/type1/public/amsfonts/cm/cmsy6.pfb></usr/local/texlive/2013/texm
f-dist/fonts/type1/public/amsfonts/cm/cmsy8.pfb></usr/local/texlive/2013/texmf-
dist/fonts/type1/public/amsfonts/cm/cmti12.pfb></usr/local/texlive/2013/texmf-d
ist/fonts/type1/public/amsfonts/cm/cmtt10.pfb></usr/local/texlive/2013/texmf-di
st/fonts/type1/public/amsfonts/latxfont/lcirclew.pfb></usr/local/texlive/2013/t
exmf-dist/fonts/type1/public/amsfonts/symbols/msbm10.pfb></usr/local/texlive/20
13/texmf-dist/fonts/type1/public/cm-super/sfrm1000.pfb></usr/local/texlive/2013
/texmf-dist/fonts/type1/public/cm-super/sfrm1200.pfb></usr/local/texlive/2013/t
exmf-dist/fonts/type1/public/cm-super/sfrm1440.pfb>
Output written on thesis.pdf (134 pages, 1927249 bytes).
PDF statistics:
 913 PDF objects out of 1000 (max. 8388607)
 519 compressed objects within 6 object streams
 0 named destinations out of 1000 (max. 500000)
 156 words of extra memory for PDF output out of 10000 (max. 10000000)

